0 info it worked if it ends with ok
1 verbose cli [ '/usr/bin/node', '/usr/bin/npm', 'install', '-g', 'browserify' ]
2 info using npm@1.4.28
3 info using node@v0.10.40
4 verbose node symlink /usr/bin/node
5 verbose cache add [ 'browserify', null ]
6 verbose cache add name=undefined spec="browserify" args=["browserify",null]
7 verbose parsed url { protocol: null,
7 verbose parsed url   slashes: null,
7 verbose parsed url   auth: null,
7 verbose parsed url   host: null,
7 verbose parsed url   port: null,
7 verbose parsed url   hostname: null,
7 verbose parsed url   hash: null,
7 verbose parsed url   search: null,
7 verbose parsed url   query: null,
7 verbose parsed url   pathname: 'browserify',
7 verbose parsed url   path: 'browserify',
7 verbose parsed url   href: 'browserify' }
8 silly lockFile 84c1c54e-browserify browserify
9 verbose lock browserify /home/rpalamut/.npm/84c1c54e-browserify.lock
10 silly lockFile 84c1c54e-browserify browserify
11 silly lockFile 84c1c54e-browserify browserify
12 verbose addNamed [ 'browserify', '' ]
13 verbose addNamed [ null, '*' ]
14 silly lockFile 80140245-browserify browserify@
15 verbose lock browserify@ /home/rpalamut/.npm/80140245-browserify.lock
16 silly addNameRange { name: 'browserify', range: '*', hasData: false }
17 verbose request where is /browserify
18 verbose request registry https://registry.npmjs.org/
19 verbose request id 4d36c721f42952e6
20 verbose url raw /browserify
21 verbose url resolving [ 'https://registry.npmjs.org/', './browserify' ]
22 verbose url resolved https://registry.npmjs.org/browserify
23 verbose request where is https://registry.npmjs.org/browserify
24 info trying registry request attempt 1 at 16:58:21
25 verbose etag "F377RPGRL4N2F6VGMX2I8DWSH"
26 http GET https://registry.npmjs.org/browserify
27 http 304 https://registry.npmjs.org/browserify
28 silly registry.get cb [ 304,
28 silly registry.get   { date: 'Sun, 29 Nov 2015 00:58:21 GMT',
28 silly registry.get     via: '1.1 varnish',
28 silly registry.get     'cache-control': 'max-age=60',
28 silly registry.get     etag: '"F377RPGRL4N2F6VGMX2I8DWSH"',
28 silly registry.get     age: '0',
28 silly registry.get     connection: 'keep-alive',
28 silly registry.get     'x-served-by': 'cache-lax1433-LAX',
28 silly registry.get     'x-cache': 'HIT',
28 silly registry.get     'x-cache-hits': '1',
28 silly registry.get     'x-timer': 'S1448758701.173879,VS0,VE97',
28 silly registry.get     vary: 'Accept' } ]
29 verbose etag https://registry.npmjs.org/browserify from cache
30 silly addNameRange number 2 { name: 'browserify', range: '*', hasData: true }
31 silly addNameRange versions [ 'browserify',
31 silly addNameRange   [ '0.0.1',
31 silly addNameRange     '0.0.2',
31 silly addNameRange     '0.0.3',
31 silly addNameRange     '0.0.4',
31 silly addNameRange     '0.0.5',
31 silly addNameRange     '0.1.0',
31 silly addNameRange     '0.1.1',
31 silly addNameRange     '0.1.2',
31 silly addNameRange     '0.1.3',
31 silly addNameRange     '0.1.4',
31 silly addNameRange     '0.1.5',
31 silly addNameRange     '0.2.0',
31 silly addNameRange     '0.2.1',
31 silly addNameRange     '0.2.2',
31 silly addNameRange     '0.2.3',
31 silly addNameRange     '0.2.4',
31 silly addNameRange     '0.2.5',
31 silly addNameRange     '0.2.6',
31 silly addNameRange     '0.2.7',
31 silly addNameRange     '0.2.8',
31 silly addNameRange     '0.2.9',
31 silly addNameRange     '0.2.10',
31 silly addNameRange     '0.2.11',
31 silly addNameRange     '0.3.0',
31 silly addNameRange     '0.3.1',
31 silly addNameRange     '0.3.2',
31 silly addNameRange     '0.3.3',
31 silly addNameRange     '0.3.4',
31 silly addNameRange     '0.3.5',
31 silly addNameRange     '0.3.6',
31 silly addNameRange     '0.3.7',
31 silly addNameRange     '0.4.0',
31 silly addNameRange     '0.4.1',
31 silly addNameRange     '0.4.2',
31 silly addNameRange     '0.4.3',
31 silly addNameRange     '0.4.4',
31 silly addNameRange     '0.4.5',
31 silly addNameRange     '0.4.6',
31 silly addNameRange     '0.4.7',
31 silly addNameRange     '0.4.8',
31 silly addNameRange     '0.4.9',
31 silly addNameRange     '0.4.10',
31 silly addNameRange     '0.4.11',
31 silly addNameRange     '0.4.12',
31 silly addNameRange     '0.4.13',
31 silly addNameRange     '0.4.14',
31 silly addNameRange     '0.4.15',
31 silly addNameRange     '0.5.0',
31 silly addNameRange     '0.5.1',
31 silly addNameRange     '0.5.2',
31 silly addNameRange     '1.0.0',
31 silly addNameRange     '1.1.0',
31 silly addNameRange     '1.1.1',
31 silly addNameRange     '1.1.2',
31 silly addNameRange     '1.1.3',
31 silly addNameRange     '1.1.4',
31 silly addNameRange     '1.2.0',
31 silly addNameRange     '1.2.1',
31 silly addNameRange     '1.2.2',
31 silly addNameRange     '1.2.3',
31 silly addNameRange     '1.2.4',
31 silly addNameRange     '1.2.5',
31 silly addNameRange     '1.2.6',
31 silly addNameRange     '1.2.7',
31 silly addNameRange     '1.2.8',
31 silly addNameRange     '1.2.9',
31 silly addNameRange     '1.3.0',
31 silly addNameRange     '1.4.0',
31 silly addNameRange     '1.4.1',
31 silly addNameRange     '1.4.2',
31 silly addNameRange     '1.4.3',
31 silly addNameRange     '1.4.4',
31 silly addNameRange     '1.4.5',
31 silly addNameRange     '1.4.6',
31 silly addNameRange     '1.4.7',
31 silly addNameRange     '1.4.8',
31 silly addNameRange     '1.5.0',
31 silly addNameRange     '1.6.0',
31 silly addNameRange     '1.6.1',
31 silly addNameRange     '1.7.0',
31 silly addNameRange     '1.7.1',
31 silly addNameRange     '1.7.2',
31 silly addNameRange     '1.7.3',
31 silly addNameRange     '1.7.4',
31 silly addNameRange     '1.7.5',
31 silly addNameRange     '1.7.6',
31 silly addNameRange     '1.7.7',
31 silly addNameRange     '1.8.0',
31 silly addNameRange     '1.8.1',
31 silly addNameRange     '1.8.2',
31 silly addNameRange     '1.8.3',
31 silly addNameRange     '1.9.0',
31 silly addNameRange     '1.9.1',
31 silly addNameRange     '1.9.2',
31 silly addNameRange     '1.9.3',
31 silly addNameRange     '1.9.4',
31 silly addNameRange     '1.10.0',
31 silly addNameRange     '1.10.1',
31 silly addNameRange     '1.10.2',
31 silly addNameRange     '1.10.3',
31 silly addNameRange     '1.10.4',
31 silly addNameRange     '1.10.5',
31 silly addNameRange     '1.10.6',
31 silly addNameRange     '1.10.7',
31 silly addNameRange     '1.10.8',
31 silly addNameRange     '1.10.9',
31 silly addNameRange     '1.10.11',
31 silly addNameRange     '1.10.12',
31 silly addNameRange     '1.10.13',
31 silly addNameRange     '1.10.14',
31 silly addNameRange     '1.10.15',
31 silly addNameRange     '1.10.16',
31 silly addNameRange     '1.10.17',
31 silly addNameRange     '1.11.0',
31 silly addNameRange     '1.11.1',
31 silly addNameRange     '1.12.0',
31 silly addNameRange     '1.12.1',
31 silly addNameRange     '1.12.2',
31 silly addNameRange     '1.12.3',
31 silly addNameRange     '1.13.0',
31 silly addNameRange     '1.13.1',
31 silly addNameRange     '1.13.2',
31 silly addNameRange     '1.13.3',
31 silly addNameRange     '1.13.4',
31 silly addNameRange     '1.13.5',
31 silly addNameRange     '1.13.6',
31 silly addNameRange     '1.13.8',
31 silly addNameRange     '1.13.9',
31 silly addNameRange     '1.13.10',
31 silly addNameRange     '1.14.0',
31 silly addNameRange     '1.14.1',
31 silly addNameRange     '1.14.2',
31 silly addNameRange     '1.14.3',
31 silly addNameRange     '1.14.4',
31 silly addNameRange     '1.14.5',
31 silly addNameRange     '1.15.0',
31 silly addNameRange     '1.15.1',
31 silly addNameRange     '1.15.2',
31 silly addNameRange     '1.15.3',
31 silly addNameRange     '1.15.4',
31 silly addNameRange     '1.15.5',
31 silly addNameRange     '1.15.6',
31 silly addNameRange     '1.16.0',
31 silly addNameRange     '1.16.1',
31 silly addNameRange     '1.16.2',
31 silly addNameRange     '1.16.3',
31 silly addNameRange     '1.16.4',
31 silly addNameRange     '1.16.5',
31 silly addNameRange     '1.16.6',
31 silly addNameRange     '1.16.7',
31 silly addNameRange     '1.16.8',
31 silly addNameRange     '1.17.0',
31 silly addNameRange     '1.17.1',
31 silly addNameRange     '1.17.2',
31 silly addNameRange     '1.17.3',
31 silly addNameRange     '1.18.0',
31 silly addNameRange     '2.0.0',
31 silly addNameRange     '2.0.1',
31 silly addNameRange     '2.1.0',
31 silly addNameRange     '2.2.0',
31 silly addNameRange     '2.2.1',
31 silly addNameRange     '2.2.2',
31 silly addNameRange     '2.2.3',
31 silly addNameRange     '2.2.4',
31 silly addNameRange     '2.2.5',
31 silly addNameRange     '2.2.6',
31 silly addNameRange     '2.3.0',
31 silly addNameRange     '2.3.1',
31 silly addNameRange     '2.4.0',
31 silly addNameRange     '2.4.1',
31 silly addNameRange     '2.4.2',
31 silly addNameRange     '2.4.3',
31 silly addNameRange     '2.5.0',
31 silly addNameRange     '2.5.1',
31 silly addNameRange     '2.6.0',
31 silly addNameRange     '2.6.1',
31 silly addNameRange     '2.7.0',
31 silly addNameRange     '2.7.1',
31 silly addNameRange     '2.7.2',
31 silly addNameRange     '2.7.3',
31 silly addNameRange     '2.7.4',
31 silly addNameRange     '2.8.0',
31 silly addNameRange     '2.8.1',
31 silly addNameRange     '2.9.0',
31 silly addNameRange     '2.10.0',
31 silly addNameRange     '2.10.1',
31 silly addNameRange     '2.10.2',
31 silly addNameRange     '2.11.0',
31 silly addNameRange     '2.12.0',
31 silly addNameRange     '2.12.1',
31 silly addNameRange     '2.12.2',
31 silly addNameRange     '2.12.3',
31 silly addNameRange     '2.12.4',
31 silly addNameRange     '2.12.5',
31 silly addNameRange     '2.13.0',
31 silly addNameRange     '2.13.1',
31 silly addNameRange     '2.13.2',
31 silly addNameRange     '2.13.3',
31 silly addNameRange     '2.14.0',
31 silly addNameRange     '2.14.1',
31 silly addNameRange     '2.14.2',
31 silly addNameRange     '2.15.0',
31 silly addNameRange     '2.16.0',
31 silly addNameRange     '2.17.0',
31 silly addNameRange     '2.17.1',
31 silly addNameRange     '2.17.2',
31 silly addNameRange     '2.17.3',
31 silly addNameRange     '2.17.4',
31 silly addNameRange     '2.18.0',
31 silly addNameRange     '2.18.1',
31 silly addNameRange     '2.19.0',
31 silly addNameRange     '2.20.0',
31 silly addNameRange     '2.20.1',
31 silly addNameRange     '2.20.2',
31 silly addNameRange     '2.21.0',
31 silly addNameRange     '2.22.0',
31 silly addNameRange     '2.23.0',
31 silly addNameRange     '2.23.1',
31 silly addNameRange     '2.24.0',
31 silly addNameRange     '2.24.1',
31 silly addNameRange     '2.24.2',
31 silly addNameRange     '2.24.3',
31 silly addNameRange     '2.25.0',
31 silly addNameRange     '2.25.1',
31 silly addNameRange     '2.26.0',
31 silly addNameRange     '2.27.0',
31 silly addNameRange     '2.27.1',
31 silly addNameRange     '2.28.0',
31 silly addNameRange     '2.29.0',
31 silly addNameRange     '2.29.1',
31 silly addNameRange     '2.30.0',
31 silly addNameRange     '2.31.0',
31 silly addNameRange     '2.32.0',
31 silly addNameRange     '2.32.1',
31 silly addNameRange     '2.32.2',
31 silly addNameRange     '2.32.3',
31 silly addNameRange     '2.32.4',
31 silly addNameRange     '2.33.0',
31 silly addNameRange     '2.33.1',
31 silly addNameRange     '2.34.0',
31 silly addNameRange     '2.34.1',
31 silly addNameRange     '2.34.2',
31 silly addNameRange     '2.34.3',
31 silly addNameRange     '2.35.0',
31 silly addNameRange     '2.35.1',
31 silly addNameRange     '2.35.2',
31 silly addNameRange     '2.35.3',
31 silly addNameRange     '2.35.4',
31 silly addNameRange     '2.36.0',
31 silly addNameRange     '2.36.1',
31 silly addNameRange     '3.0.0',
31 silly addNameRange     '3.1.0',
31 silly addNameRange     '3.1.1',
31 silly addNameRange     '3.1.2',
31 silly addNameRange     '3.1.3',
31 silly addNameRange     '3.2.0',
31 silly addNameRange     '3.2.1',
31 silly addNameRange     '3.2.2',
31 silly addNameRange     '3.3.0',
31 silly addNameRange     '3.4.0',
31 silly addNameRange     '3.4.1',
31 silly addNameRange     '3.5.0',
31 silly addNameRange     '3.6.0',
31 silly addNameRange     '3.7.0',
31 silly addNameRange     '3.8.0',
31 silly addNameRange     '3.8.1',
31 silly addNameRange     '3.9.0',
31 silly addNameRange     '3.9.1',
31 silly addNameRange     '3.10.0',
31 silly addNameRange     '3.11.0',
31 silly addNameRange     '3.11.1',
31 silly addNameRange     '3.12.0',
31 silly addNameRange     '3.13.0',
31 silly addNameRange     '3.14.0',
31 silly addNameRange     '3.14.1',
31 silly addNameRange     '3.16.0',
31 silly addNameRange     '3.16.1',
31 silly addNameRange     '3.17.0',
31 silly addNameRange     '3.18.0',
31 silly addNameRange     '3.19.0',
31 silly addNameRange     '3.19.1',
31 silly addNameRange     '3.20.0',
31 silly addNameRange     '3.20.1',
31 silly addNameRange     '3.20.2',
31 silly addNameRange     '3.21.0',
31 silly addNameRange     '3.21.1',
31 silly addNameRange     '3.22.0',
31 silly addNameRange     '3.22.1',
31 silly addNameRange     '3.23.0',
31 silly addNameRange     '3.23.1',
31 silly addNameRange     '3.24.0',
31 silly addNameRange     '3.24.1',
31 silly addNameRange     '3.24.2',
31 silly addNameRange     '3.24.3',
31 silly addNameRange     '3.24.4',
31 silly addNameRange     '3.24.5',
31 silly addNameRange     '3.24.6',
31 silly addNameRange     '3.24.7',
31 silly addNameRange     '3.24.8',
31 silly addNameRange     '3.24.9',
31 silly addNameRange     '3.24.10',
31 silly addNameRange     '3.24.11',
31 silly addNameRange     '3.24.13',
31 silly addNameRange     '3.25.0',
31 silly addNameRange     '3.25.1',
31 silly addNameRange     '3.25.2',
31 silly addNameRange     '3.26.0',
31 silly addNameRange     '3.27.0',
31 silly addNameRange     '3.27.1',
31 silly addNameRange     '3.28.0',
31 silly addNameRange     '3.28.1',
31 silly addNameRange     '3.28.2',
31 silly addNameRange     '3.29.0',
31 silly addNameRange     '3.29.1',
31 silly addNameRange     '3.30.0',
31 silly addNameRange     '3.30.1',
31 silly addNameRange     '3.30.2',
31 silly addNameRange     '3.30.3',
31 silly addNameRange     '3.30.4',
31 silly addNameRange     '3.31.0',
31 silly addNameRange     '3.31.1',
31 silly addNameRange     '3.31.2',
31 silly addNameRange     '3.32.0',
31 silly addNameRange     '3.32.1',
31 silly addNameRange     '3.33.0',
31 silly addNameRange     '3.33.1',
31 silly addNameRange     '3.34.0',
31 silly addNameRange     '3.35.0',
31 silly addNameRange     '3.36.0',
31 silly addNameRange     '3.36.1',
31 silly addNameRange     '3.37.0',
31 silly addNameRange     '3.37.1',
31 silly addNameRange     '3.37.2',
31 silly addNameRange     '3.38.0',
31 silly addNameRange     '3.38.1',
31 silly addNameRange     '3.39.0',
31 silly addNameRange     '3.40.0',
31 silly addNameRange     '3.40.1',
31 silly addNameRange     '3.40.2',
31 silly addNameRange     '3.40.3',
31 silly addNameRange     '3.40.4',
31 silly addNameRange     '3.41.0',
31 silly addNameRange     '3.42.0',
31 silly addNameRange     '3.43.0',
31 silly addNameRange     '3.44.0',
31 silly addNameRange     '3.44.1',
31 silly addNameRange     '3.44.2',
31 silly addNameRange     '3.45.0',
31 silly addNameRange     '3.46.0',
31 silly addNameRange     '3.46.1',
31 silly addNameRange     '4.0.0',
31 silly addNameRange     '4.1.0',
31 silly addNameRange     '4.1.1',
31 silly addNameRange     '4.1.2',
31 silly addNameRange     '4.1.3',
31 silly addNameRange     '4.1.4',
31 silly addNameRange     '4.1.5',
31 silly addNameRange     '4.1.6',
31 silly addNameRange     '4.1.7',
31 silly addNameRange     '4.1.8',
31 silly addNameRange     '4.1.9',
31 silly addNameRange     '4.1.10',
31 silly addNameRange     '4.1.11',
31 silly addNameRange     '4.2.0',
31 silly addNameRange     '4.2.1',
31 silly addNameRange     '4.2.2',
31 silly addNameRange     '4.2.3',
31 silly addNameRange     '5.0.0',
31 silly addNameRange     '5.0.1',
31 silly addNameRange     '5.0.2',
31 silly addNameRange     '5.0.3',
31 silly addNameRange     '5.0.4',
31 silly addNameRange     '5.0.5',
31 silly addNameRange     '5.0.6',
31 silly addNameRange     '5.0.7',
31 silly addNameRange     '5.0.8',
31 silly addNameRange     '5.1.0',
31 silly addNameRange     '5.1.1',
31 silly addNameRange     '5.2.0',
31 silly addNameRange     '5.2.1',
31 silly addNameRange     '5.3.0',
31 silly addNameRange     '5.4.0',
31 silly addNameRange     '5.4.1',
31 silly addNameRange     '5.4.2',
31 silly addNameRange     '5.5.0',
31 silly addNameRange     '5.6.0',
31 silly addNameRange     '5.6.1',
31 silly addNameRange     '5.7.0',
31 silly addNameRange     '5.8.0',
31 silly addNameRange     '5.9.0',
31 silly addNameRange     '5.9.1',
31 silly addNameRange     '5.9.2',
31 silly addNameRange     '5.9.3',
31 silly addNameRange     '5.10.0',
31 silly addNameRange     '5.10.1',
31 silly addNameRange     '5.11.0',
31 silly addNameRange     '5.11.1',
31 silly addNameRange     '5.11.2',
31 silly addNameRange     '5.12.0',
31 silly addNameRange     '5.12.1',
31 silly addNameRange     '5.12.2',
31 silly addNameRange     '5.13.0',
31 silly addNameRange     '5.13.1',
31 silly addNameRange     '6.0.0',
31 silly addNameRange     '6.0.1',
31 silly addNameRange     '6.0.2',
31 silly addNameRange     '6.0.3',
31 silly addNameRange     '6.1.0',
31 silly addNameRange     '6.1.1',
31 silly addNameRange     '6.1.2',
31 silly addNameRange     '6.2.0',
31 silly addNameRange     '6.3.0',
31 silly addNameRange     '6.3.1',
31 silly addNameRange     '6.3.2',
31 silly addNameRange     '6.3.3',
31 silly addNameRange     '6.3.4',
31 silly addNameRange     '7.0.0',
31 silly addNameRange     '7.0.1',
31 silly addNameRange     '7.0.2',
31 silly addNameRange     '7.0.3',
31 silly addNameRange     '7.1.0',
31 silly addNameRange     '8.0.0',
31 silly addNameRange     '8.0.1',
31 silly addNameRange     '8.0.2',
31 silly addNameRange     '8.0.3',
31 silly addNameRange     '8.1.0',
31 silly addNameRange     '8.1.1',
31 silly addNameRange     '8.1.2',
31 silly addNameRange     '8.1.3',
31 silly addNameRange     '9.0.0',
31 silly addNameRange     '9.0.1',
31 silly addNameRange     '9.0.2',
31 silly addNameRange     '9.0.3',
31 silly addNameRange     '9.0.4',
31 silly addNameRange     '9.0.5',
31 silly addNameRange     '9.0.6',
31 silly addNameRange     '9.0.7',
31 silly addNameRange     '9.0.8',
31 silly addNameRange     '10.0.0',
31 silly addNameRange     '10.1.0',
31 silly addNameRange     '10.1.1',
31 silly addNameRange     '10.1.2',
31 silly addNameRange     '10.1.3',
31 silly addNameRange     '10.2.0',
31 silly addNameRange     '10.2.1',
31 silly addNameRange     '10.2.3',
31 silly addNameRange     '10.2.4',
31 silly addNameRange     '10.2.5',
31 silly addNameRange     '10.2.6',
31 silly addNameRange     '11.0.0',
31 silly addNameRange     '11.0.1',
31 silly addNameRange     '11.1.0',
31 silly addNameRange     '11.2.0',
31 silly addNameRange     '12.0.0',
31 silly addNameRange     '12.0.1' ] ]
32 verbose addNamed [ 'browserify', '12.0.1' ]
33 verbose addNamed [ '12.0.1', '12.0.1' ]
34 silly lockFile 8ed522c4-browserify-12-0-1 browserify@12.0.1
35 verbose lock browserify@12.0.1 /home/rpalamut/.npm/8ed522c4-browserify-12-0-1.lock
36 silly lockFile 8ed522c4-browserify-12-0-1 browserify@12.0.1
37 silly lockFile 8ed522c4-browserify-12-0-1 browserify@12.0.1
38 silly lockFile 80140245-browserify browserify@
39 silly lockFile 80140245-browserify browserify@
40 silly resolved [ { name: 'browserify',
40 silly resolved     version: '12.0.1',
40 silly resolved     description: 'browser-side require() the node way',
40 silly resolved     main: 'index.js',
40 silly resolved     bin: { browserify: 'bin/cmd.js' },
40 silly resolved     repository:
40 silly resolved      { type: 'git',
40 silly resolved        url: 'git+ssh://git@github.com/substack/node-browserify.git' },
40 silly resolved     keywords:
40 silly resolved      [ 'browser',
40 silly resolved        'require',
40 silly resolved        'commonjs',
40 silly resolved        'commonj-esque',
40 silly resolved        'bundle',
40 silly resolved        'npm',
40 silly resolved        'javascript' ],
40 silly resolved     dependencies:
40 silly resolved      { JSONStream: '^1.0.3',
40 silly resolved        assert: '~1.3.0',
40 silly resolved        'browser-pack': '^6.0.1',
40 silly resolved        'browser-resolve': '^1.7.1',
40 silly resolved        'browserify-zlib': '~0.1.2',
40 silly resolved        buffer: '^3.4.3',
40 silly resolved        'concat-stream': '~1.5.1',
40 silly resolved        'console-browserify': '^1.1.0',
40 silly resolved        'constants-browserify': '~1.0.0',
40 silly resolved        'crypto-browserify': '^3.0.0',
40 silly resolved        defined: '^1.0.0',
40 silly resolved        'deps-sort': '^2.0.0',
40 silly resolved        'domain-browser': '~1.1.0',
40 silly resolved        duplexer2: '~0.1.2',
40 silly resolved        events: '~1.1.0',
40 silly resolved        glob: '^5.0.15',
40 silly resolved        has: '^1.0.0',
40 silly resolved        htmlescape: '^1.1.0',
40 silly resolved        'stream-http': '^2.0.0',
40 silly resolved        'https-browserify': '~0.0.0',
40 silly resolved        inherits: '~2.0.1',
40 silly resolved        'insert-module-globals': '^7.0.0',
40 silly resolved        isarray: '0.0.1',
40 silly resolved        'labeled-stream-splicer': '^2.0.0',
40 silly resolved        'module-deps': '^4.0.2',
40 silly resolved        'os-browserify': '~0.1.1',
40 silly resolved        parents: '^1.0.1',
40 silly resolved        'path-browserify': '~0.0.0',
40 silly resolved        process: '~0.11.0',
40 silly resolved        punycode: '^1.3.2',
40 silly resolved        'querystring-es3': '~0.2.0',
40 silly resolved        'read-only-stream': '^2.0.0',
40 silly resolved        'readable-stream': '^2.0.2',
40 silly resolved        resolve: '^1.1.4',
40 silly resolved        shasum: '^1.0.0',
40 silly resolved        'shell-quote': '^1.4.3',
40 silly resolved        'stream-browserify': '^2.0.0',
40 silly resolved        string_decoder: '~0.10.0',
40 silly resolved        subarg: '^1.0.0',
40 silly resolved        'syntax-error': '^1.1.1',
40 silly resolved        through2: '^2.0.0',
40 silly resolved        'timers-browserify': '^1.0.1',
40 silly resolved        'tty-browserify': '~0.0.0',
40 silly resolved        url: '~0.11.0',
40 silly resolved        util: '~0.10.1',
40 silly resolved        'vm-browserify': '~0.0.1',
40 silly resolved        xtend: '^4.0.0' },
40 silly resolved     devDependencies:
40 silly resolved      { backbone: '~0.9.2',
40 silly resolved        'browser-unpack': '^1.1.1',
40 silly resolved        'coffee-script': '~1.10.0',
40 silly resolved        coffeeify: '~1.1.0',
40 silly resolved        es6ify: '~0.4.8',
40 silly resolved        isstream: '^0.1.2',
40 silly resolved        seq: '0.3.5',
40 silly resolved        tap: '^2.2.0',
40 silly resolved        temp: '^0.8.1',
40 silly resolved        through: '^2.3.4' },
40 silly resolved     author:
40 silly resolved      { name: 'James Halliday',
40 silly resolved        email: 'mail@substack.net',
40 silly resolved        url: 'http://substack.net' },
40 silly resolved     scripts: { test: 'tap test/*.js' },
40 silly resolved     license: 'MIT',
40 silly resolved     gitHead: 'bbfabaa77fd18e81fe4fd74e104a8a793660f5c5',
40 silly resolved     bugs: { url: 'https://github.com/substack/node-browserify/issues' },
40 silly resolved     homepage: 'https://github.com/substack/node-browserify#readme',
40 silly resolved     _id: 'browserify@12.0.1',
40 silly resolved     _shasum: '2e0bd015384ed07feaac5b6466bd582c5085ec3e',
40 silly resolved     _from: 'browserify@',
40 silly resolved     _npmVersion: '3.3.2',
40 silly resolved     _nodeVersion: '4.2.1',
40 silly resolved     _npmUser: { name: 'substack', email: 'substack@gmail.com' },
40 silly resolved     dist:
40 silly resolved      { shasum: '2e0bd015384ed07feaac5b6466bd582c5085ec3e',
40 silly resolved        tarball: 'http://registry.npmjs.org/browserify/-/browserify-12.0.1.tgz' },
40 silly resolved     maintainers:
40 silly resolved      [ [Object],
40 silly resolved        [Object],
40 silly resolved        [Object],
40 silly resolved        [Object],
40 silly resolved        [Object],
40 silly resolved        [Object],
40 silly resolved        [Object],
40 silly resolved        [Object],
40 silly resolved        [Object],
40 silly resolved        [Object] ],
40 silly resolved     directories: {},
40 silly resolved     _resolved: 'https://registry.npmjs.org/browserify/-/browserify-12.0.1.tgz',
40 silly resolved     readme: 'ERROR: No README data found!' } ]
41 info install browserify@12.0.1 into /usr/lib
42 info installOne browserify@12.0.1
43 verbose lib/node_modules/browserify unbuild
44 verbose tar unpack /home/rpalamut/.npm/browserify/12.0.1/package.tgz
45 silly lockFile f2d2c9e5--usr-lib-node-modules-browserify tar:///usr/lib/node_modules/browserify
46 verbose lock tar:///usr/lib/node_modules/browserify /home/rpalamut/.npm/f2d2c9e5--usr-lib-node-modules-browserify.lock
47 silly lockFile bfd68630-pm-browserify-12-0-1-package-tgz tar:///home/rpalamut/.npm/browserify/12.0.1/package.tgz
48 verbose lock tar:///home/rpalamut/.npm/browserify/12.0.1/package.tgz /home/rpalamut/.npm/bfd68630-pm-browserify-12-0-1-package-tgz.lock
49 silly gunzTarPerm modes [ '775', '664' ]
50 error Error: EACCES, mkdir '/usr/lib/node_modules/browserify'
50 error  { [Error: EACCES, mkdir '/usr/lib/node_modules/browserify']
50 error   errno: 3,
50 error   code: 'EACCES',
50 error   path: '/usr/lib/node_modules/browserify',
50 error   fstream_type: 'Directory',
50 error   fstream_path: '/usr/lib/node_modules/browserify',
50 error   fstream_class: 'DirWriter',
50 error   fstream_stack:
50 error    [ '/usr/lib/node_modules/npm/node_modules/fstream/lib/dir-writer.js:36:23',
50 error      '/usr/lib/node_modules/npm/node_modules/mkdirp/index.js:46:53',
50 error      'Object.oncomplete (fs.js:108:15)' ] }
51 error Please try running this command again as root/Administrator.
52 error System Linux 3.19.0-33-generic
53 error command "/usr/bin/node" "/usr/bin/npm" "install" "-g" "browserify"
54 error cwd /home/rpalamut/IdeaProjects/untitled/PrettyScatter
55 error node -v v0.10.40
56 error npm -v 1.4.28
57 error path /usr/lib/node_modules/browserify
58 error fstream_path /usr/lib/node_modules/browserify
59 error fstream_type Directory
60 error fstream_class DirWriter
61 error code EACCES
62 error errno 3
63 error stack Error: EACCES, mkdir '/usr/lib/node_modules/browserify'
64 error fstream_stack /usr/lib/node_modules/npm/node_modules/fstream/lib/dir-writer.js:36:23
64 error fstream_stack /usr/lib/node_modules/npm/node_modules/mkdirp/index.js:46:53
64 error fstream_stack Object.oncomplete (fs.js:108:15)
65 verbose exit [ 3, true ]
